The system is: Linux - 2.6.32-754.3.5.el6.x86_64 - x86_64
Compiling the C compiler identification source file "CMakeCCompilerId.c" succeeded.
Compiler: /home/mdl/hzj5142/soft/install4/gcc-7.0.1/bin/gcc 
Build flags: 
Id flags:  

The output was:
0


Compilation of the C compiler identification source "CMakeCCompilerId.c" produced "a.out"

The C compiler identification is GNU, found in "/home/mdl/hzj5142/compiler_project/cmake-build-debug/CMakeFiles/3.12.1/CompilerIdC/a.out"

Compiling the CXX compiler identification source file "CMakeCXXCompilerId.cpp" succeeded.
Compiler: /home/mdl/hzj5142/soft/install4/gcc-7.0.1/bin/g++ 
Build flags: 
Id flags:  

The output was:
0


Compilation of the CXX compiler identification source "CMakeCXXCompilerId.cpp" produced "a.out"

The CXX compiler identification is GNU, found in "/home/mdl/hzj5142/compiler_project/cmake-build-debug/CMakeFiles/3.12.1/CompilerIdCXX/a.out"

Determining if the C compiler works passed with the following output:
Change Dir: /home/mdl/hzj5142/compiler_project/cmake-build-debug/CMakeFiles/CMakeTmp

Run Build Command:"/usr/bin/gmake" "cmTC_c6cb5/fast"
gmake[1]: Entering directory `/home/mdl/hzj5142/compiler_project/cmake-build-debug/CMakeFiles/CMakeTmp'
/usr/bin/gmake -f CMakeFiles/cmTC_c6cb5.dir/build.make CMakeFiles/cmTC_c6cb5.dir/build
gmake[2]: Entering directory `/home/mdl/hzj5142/compiler_project/cmake-build-debug/CMakeFiles/CMakeTmp'
Building C object CMakeFiles/cmTC_c6cb5.dir/testCCompiler.c.o
/home/mdl/hzj5142/soft/install4/gcc-7.0.1/bin/gcc    -o CMakeFiles/cmTC_c6cb5.dir/testCCompiler.c.o   -c /home/mdl/hzj5142/compiler_project/cmake-build-debug/CMakeFiles/CMakeTmp/testCCompiler.c
Linking C executable cmTC_c6cb5
/home/mdl/hzj5142/soft/install/clion-2018.2.3/bin/cmake/linux/bin/cmake -E cmake_link_script CMakeFiles/cmTC_c6cb5.dir/link.txt --verbose=1
/home/mdl/hzj5142/soft/install4/gcc-7.0.1/bin/gcc      CMakeFiles/cmTC_c6cb5.dir/testCCompiler.c.o  -o cmTC_c6cb5 
gmake[2]: Leaving directory `/home/mdl/hzj5142/compiler_project/cmake-build-debug/CMakeFiles/CMakeTmp'
gmake[1]: Leaving directory `/home/mdl/hzj5142/compiler_project/cmake-build-debug/CMakeFiles/CMakeTmp'


Detecting C compiler ABI info compiled with the following output:
Change Dir: /home/mdl/hzj5142/compiler_project/cmake-build-debug/CMakeFiles/CMakeTmp

Run Build Command:"/usr/bin/gmake" "cmTC_cb543/fast"
gmake[1]: Entering directory `/home/mdl/hzj5142/compiler_project/cmake-build-debug/CMakeFiles/CMakeTmp'
/usr/bin/gmake -f CMakeFiles/cmTC_cb543.dir/build.make CMakeFiles/cmTC_cb543.dir/build
gmake[2]: Entering directory `/home/mdl/hzj5142/compiler_project/cmake-build-debug/CMakeFiles/CMakeTmp'
Building C object CMakeFiles/cmTC_cb543.dir/CMakeCCompilerABI.c.o
/home/mdl/hzj5142/soft/install4/gcc-7.0.1/bin/gcc    -o CMakeFiles/cmTC_cb543.dir/CMakeCCompilerABI.c.o   -c /home/mdl/hzj5142/soft/install/clion-2018.2.3/bin/cmake/linux/share/cmake-3.12/Modules/CMakeCCompilerABI.c
Linking C executable cmTC_cb543
/home/mdl/hzj5142/soft/install/clion-2018.2.3/bin/cmake/linux/bin/cmake -E cmake_link_script CMakeFiles/cmTC_cb543.dir/link.txt --verbose=1
/home/mdl/hzj5142/soft/install4/gcc-7.0.1/bin/gcc     -v CMakeFiles/cmTC_cb543.dir/CMakeCCompilerABI.c.o  -o cmTC_cb543 
Using built-in specs.
COLLECT_GCC=/home/mdl/hzj5142/soft/install4/gcc-7.0.1/bin/gcc
COLLECT_LTO_WRAPPER=/home/mdl/hzj5142/soft/install4/gcc-7.0.1/libexec/gcc/x86_64-pc-linux-gnu/7.0.1/lto-wrapper
Target: x86_64-pc-linux-gnu
Configured with: ../configure --prefix=/home/mdl/hzj5142/soft/install4/gcc-7.0.1 --with-gmp=/home/mdl/hzj5142/soft/install4/gmp-4.3.2 --with-mpfr=/home/mdl/hzj5142/soft/install4/gmp-4.3.2 --with-mpc=/home/mdl/hzj5142/soft/install4/gmp-4.3.2 --with-libelf=/home/mdl/hzj5142/soft/install4/gmp-4.3.2 --enable-language=all
Thread model: posix
gcc version 7.0.1 20170327 (experimental) (GCC) 
COMPILER_PATH=/home/mdl/hzj5142/soft/install4/gcc-7.0.1/libexec/gcc/x86_64-pc-linux-gnu/7.0.1/:/home/mdl/hzj5142/soft/install4/gcc-7.0.1/libexec/gcc/x86_64-pc-linux-gnu/7.0.1/:/home/mdl/hzj5142/soft/install4/gcc-7.0.1/libexec/gcc/x86_64-pc-linux-gnu/:/home/mdl/hzj5142/soft/install4/gcc-7.0.1/lib/gcc/x86_64-pc-linux-gnu/7.0.1/:/home/mdl/hzj5142/soft/install4/gcc-7.0.1/lib/gcc/x86_64-pc-linux-gnu/
LIBRARY_PATH=/home/mdl/hzj5142/soft/install4/gcc-7.0.1/lib/gcc/x86_64-pc-linux-gnu/7.0.1/:/home/mdl/hzj5142/soft/install4/gcc-7.0.1/lib/gcc/x86_64-pc-linux-gnu/7.0.1/../../../../lib64/:/lib/../lib64/:/usr/lib/../lib64/:/home/mdl/hzj5142/soft/install4/gcc-7.0.1/lib/gcc/x86_64-pc-linux-gnu/7.0.1/../../../:/lib/:/usr/lib/
COLLECT_GCC_OPTIONS='-v' '-o' 'cmTC_cb543' '-mtune=generic' '-march=x86-64'
 /home/mdl/hzj5142/soft/install4/gcc-7.0.1/libexec/gcc/x86_64-pc-linux-gnu/7.0.1/collect2 --eh-frame-hdr -m elf_x86_64 -dynamic-linker /lib64/ld-linux-x86-64.so.2 -o cmTC_cb543 /usr/lib/../lib64/crt1.o /usr/lib/../lib64/crti.o /home/mdl/hzj5142/soft/install4/gcc-7.0.1/lib/gcc/x86_64-pc-linux-gnu/7.0.1/crtbegin.o -L/home/mdl/hzj5142/soft/install4/gcc-7.0.1/lib/gcc/x86_64-pc-linux-gnu/7.0.1 -L/home/mdl/hzj5142/soft/install4/gcc-7.0.1/lib/gcc/x86_64-pc-linux-gnu/7.0.1/../../../../lib64 -L/lib/../lib64 -L/usr/lib/../lib64 -L/home/mdl/hzj5142/soft/install4/gcc-7.0.1/lib/gcc/x86_64-pc-linux-gnu/7.0.1/../../.. CMakeFiles/cmTC_cb543.dir/CMakeCCompilerABI.c.o -lgcc --as-needed -lgcc_s --no-as-needed -lc -lgcc --as-needed -lgcc_s --no-as-needed /home/mdl/hzj5142/soft/install4/gcc-7.0.1/lib/gcc/x86_64-pc-linux-gnu/7.0.1/crtend.o /usr/lib/../lib64/crtn.o
COLLECT_GCC_OPTIONS='-v' '-o' 'cmTC_cb543' '-mtune=generic' '-march=x86-64'
gmake[2]: Leaving directory `/home/mdl/hzj5142/compiler_project/cmake-build-debug/CMakeFiles/CMakeTmp'
gmake[1]: Leaving directory `/home/mdl/hzj5142/compiler_project/cmake-build-debug/CMakeFiles/CMakeTmp'


Parsed C implicit link information from above output:
  link line regex: [^( *|.*[/\])(ld|CMAKE_LINK_STARTFILE-NOTFOUND|([^/\]+-)?ld|collect2)[^/\]*( |$)]
  ignore line: [Change Dir: /home/mdl/hzj5142/compiler_project/cmake-build-debug/CMakeFiles/CMakeTmp]
  ignore line: []
  ignore line: [Run Build Command:"/usr/bin/gmake" "cmTC_cb543/fast"]
  ignore line: [gmake[1]: Entering directory `/home/mdl/hzj5142/compiler_project/cmake-build-debug/CMakeFiles/CMakeTmp']
  ignore line: [/usr/bin/gmake -f CMakeFiles/cmTC_cb543.dir/build.make CMakeFiles/cmTC_cb543.dir/build]
  ignore line: [gmake[2]: Entering directory `/home/mdl/hzj5142/compiler_project/cmake-build-debug/CMakeFiles/CMakeTmp']
  ignore line: [Building C object CMakeFiles/cmTC_cb543.dir/CMakeCCompilerABI.c.o]
  ignore line: [/home/mdl/hzj5142/soft/install4/gcc-7.0.1/bin/gcc    -o CMakeFiles/cmTC_cb543.dir/CMakeCCompilerABI.c.o   -c /home/mdl/hzj5142/soft/install/clion-2018.2.3/bin/cmake/linux/share/cmake-3.12/Modules/CMakeCCompilerABI.c]
  ignore line: [Linking C executable cmTC_cb543]
  ignore line: [/home/mdl/hzj5142/soft/install/clion-2018.2.3/bin/cmake/linux/bin/cmake -E cmake_link_script CMakeFiles/cmTC_cb543.dir/link.txt --verbose=1]
  ignore line: [/home/mdl/hzj5142/soft/install4/gcc-7.0.1/bin/gcc     -v CMakeFiles/cmTC_cb543.dir/CMakeCCompilerABI.c.o  -o cmTC_cb543 ]
  ignore line: [Using built-in specs.]
  ignore line: [COLLECT_GCC=/home/mdl/hzj5142/soft/install4/gcc-7.0.1/bin/gcc]
  ignore line: [COLLECT_LTO_WRAPPER=/home/mdl/hzj5142/soft/install4/gcc-7.0.1/libexec/gcc/x86_64-pc-linux-gnu/7.0.1/lto-wrapper]
  ignore line: [Target: x86_64-pc-linux-gnu]
  ignore line: [Configured with: ../configure --prefix=/home/mdl/hzj5142/soft/install4/gcc-7.0.1 --with-gmp=/home/mdl/hzj5142/soft/install4/gmp-4.3.2 --with-mpfr=/home/mdl/hzj5142/soft/install4/gmp-4.3.2 --with-mpc=/home/mdl/hzj5142/soft/install4/gmp-4.3.2 --with-libelf=/home/mdl/hzj5142/soft/install4/gmp-4.3.2 --enable-language=all]
  ignore line: [Thread model: posix]
  ignore line: [gcc version 7.0.1 20170327 (experimental) (GCC) ]
  ignore line: [COMPILER_PATH=/home/mdl/hzj5142/soft/install4/gcc-7.0.1/libexec/gcc/x86_64-pc-linux-gnu/7.0.1/:/home/mdl/hzj5142/soft/install4/gcc-7.0.1/libexec/gcc/x86_64-pc-linux-gnu/7.0.1/:/home/mdl/hzj5142/soft/install4/gcc-7.0.1/libexec/gcc/x86_64-pc-linux-gnu/:/home/mdl/hzj5142/soft/install4/gcc-7.0.1/lib/gcc/x86_64-pc-linux-gnu/7.0.1/:/home/mdl/hzj5142/soft/install4/gcc-7.0.1/lib/gcc/x86_64-pc-linux-gnu/]
  ignore line: [LIBRARY_PATH=/home/mdl/hzj5142/soft/install4/gcc-7.0.1/lib/gcc/x86_64-pc-linux-gnu/7.0.1/:/home/mdl/hzj5142/soft/install4/gcc-7.0.1/lib/gcc/x86_64-pc-linux-gnu/7.0.1/../../../../lib64/:/lib/../lib64/:/usr/lib/../lib64/:/home/mdl/hzj5142/soft/install4/gcc-7.0.1/lib/gcc/x86_64-pc-linux-gnu/7.0.1/../../../:/lib/:/usr/lib/]
  ignore line: [COLLECT_GCC_OPTIONS='-v' '-o' 'cmTC_cb543' '-mtune=generic' '-march=x86-64']
  link line: [ /home/mdl/hzj5142/soft/install4/gcc-7.0.1/libexec/gcc/x86_64-pc-linux-gnu/7.0.1/collect2 --eh-frame-hdr -m elf_x86_64 -dynamic-linker /lib64/ld-linux-x86-64.so.2 -o cmTC_cb543 /usr/lib/../lib64/crt1.o /usr/lib/../lib64/crti.o /home/mdl/hzj5142/soft/install4/gcc-7.0.1/lib/gcc/x86_64-pc-linux-gnu/7.0.1/crtbegin.o -L/home/mdl/hzj5142/soft/install4/gcc-7.0.1/lib/gcc/x86_64-pc-linux-gnu/7.0.1 -L/home/mdl/hzj5142/soft/install4/gcc-7.0.1/lib/gcc/x86_64-pc-linux-gnu/7.0.1/../../../../lib64 -L/lib/../lib64 -L/usr/lib/../lib64 -L/home/mdl/hzj5142/soft/install4/gcc-7.0.1/lib/gcc/x86_64-pc-linux-gnu/7.0.1/../../.. CMakeFiles/cmTC_cb543.dir/CMakeCCompilerABI.c.o -lgcc --as-needed -lgcc_s --no-as-needed -lc -lgcc --as-needed -lgcc_s --no-as-needed /home/mdl/hzj5142/soft/install4/gcc-7.0.1/lib/gcc/x86_64-pc-linux-gnu/7.0.1/crtend.o /usr/lib/../lib64/crtn.o]
    arg [/home/mdl/hzj5142/soft/install4/gcc-7.0.1/libexec/gcc/x86_64-pc-linux-gnu/7.0.1/collect2] ==> ignore
    arg [--eh-frame-hdr] ==> ignore
    arg [-m] ==> ignore
    arg [elf_x86_64] ==> ignore
    arg [-dynamic-linker] ==> ignore
    arg [/lib64/ld-linux-x86-64.so.2] ==> ignore
    arg [-o] ==> ignore
    arg [cmTC_cb543] ==> ignore
    arg [/usr/lib/../lib64/crt1.o] ==> ignore
    arg [/usr/lib/../lib64/crti.o] ==> ignore
    arg [/home/mdl/hzj5142/soft/install4/gcc-7.0.1/lib/gcc/x86_64-pc-linux-gnu/7.0.1/crtbegin.o] ==> ignore
    arg [-L/home/mdl/hzj5142/soft/install4/gcc-7.0.1/lib/gcc/x86_64-pc-linux-gnu/7.0.1] ==> dir [/home/mdl/hzj5142/soft/install4/gcc-7.0.1/lib/gcc/x86_64-pc-linux-gnu/7.0.1]
    arg [-L/home/mdl/hzj5142/soft/install4/gcc-7.0.1/lib/gcc/x86_64-pc-linux-gnu/7.0.1/../../../../lib64] ==> dir [/home/mdl/hzj5142/soft/install4/gcc-7.0.1/lib/gcc/x86_64-pc-linux-gnu/7.0.1/../../../../lib64]
    arg [-L/lib/../lib64] ==> dir [/lib/../lib64]
    arg [-L/usr/lib/../lib64] ==> dir [/usr/lib/../lib64]
    arg [-L/home/mdl/hzj5142/soft/install4/gcc-7.0.1/lib/gcc/x86_64-pc-linux-gnu/7.0.1/../../..] ==> dir [/home/mdl/hzj5142/soft/install4/gcc-7.0.1/lib/gcc/x86_64-pc-linux-gnu/7.0.1/../../..]
    arg [CMakeFiles/cmTC_cb543.dir/CMakeCCompilerABI.c.o] ==> ignore
    arg [-lgcc] ==> lib [gcc]
    arg [--as-needed] ==> ignore
    arg [-lgcc_s] ==> lib [gcc_s]
    arg [--no-as-needed] ==> ignore
    arg [-lc] ==> lib [c]
    arg [-lgcc] ==> lib [gcc]
    arg [--as-needed] ==> ignore
    arg [-lgcc_s] ==> lib [gcc_s]
    arg [--no-as-needed] ==> ignore
    arg [/home/mdl/hzj5142/soft/install4/gcc-7.0.1/lib/gcc/x86_64-pc-linux-gnu/7.0.1/crtend.o] ==> ignore
    arg [/usr/lib/../lib64/crtn.o] ==> ignore
  collapse library dir [/home/mdl/hzj5142/soft/install4/gcc-7.0.1/lib/gcc/x86_64-pc-linux-gnu/7.0.1] ==> [/home/mdl/hzj5142/soft/install4/gcc-7.0.1/lib/gcc/x86_64-pc-linux-gnu/7.0.1]
  collapse library dir [/home/mdl/hzj5142/soft/install4/gcc-7.0.1/lib/gcc/x86_64-pc-linux-gnu/7.0.1/../../../../lib64] ==> [/home/mdl/hzj5142/soft/install4/gcc-7.0.1/lib64]
  collapse library dir [/lib/../lib64] ==> [/lib64]
  collapse library dir [/usr/lib/../lib64] ==> [/usr/lib64]
  collapse library dir [/home/mdl/hzj5142/soft/install4/gcc-7.0.1/lib/gcc/x86_64-pc-linux-gnu/7.0.1/../../..] ==> [/home/mdl/hzj5142/soft/install4/gcc-7.0.1/lib]
  implicit libs: [gcc;gcc_s;c;gcc;gcc_s]
  implicit dirs: [/home/mdl/hzj5142/soft/install4/gcc-7.0.1/lib/gcc/x86_64-pc-linux-gnu/7.0.1;/home/mdl/hzj5142/soft/install4/gcc-7.0.1/lib64;/lib64;/usr/lib64;/home/mdl/hzj5142/soft/install4/gcc-7.0.1/lib]
  implicit fwks: []




Detecting C [-std=c11] compiler features compiled with the following output:
Change Dir: /home/mdl/hzj5142/compiler_project/cmake-build-debug/CMakeFiles/CMakeTmp

Run Build Command:"/usr/bin/gmake" "cmTC_951d0/fast"
gmake[1]: Entering directory `/home/mdl/hzj5142/compiler_project/cmake-build-debug/CMakeFiles/CMakeTmp'
/usr/bin/gmake -f CMakeFiles/cmTC_951d0.dir/build.make CMakeFiles/cmTC_951d0.dir/build
gmake[2]: Entering directory `/home/mdl/hzj5142/compiler_project/cmake-build-debug/CMakeFiles/CMakeTmp'
Building C object CMakeFiles/cmTC_951d0.dir/feature_tests.c.o
/home/mdl/hzj5142/soft/install4/gcc-7.0.1/bin/gcc   -std=c11 -o CMakeFiles/cmTC_951d0.dir/feature_tests.c.o   -c /home/mdl/hzj5142/compiler_project/cmake-build-debug/CMakeFiles/feature_tests.c
Linking C executable cmTC_951d0
/home/mdl/hzj5142/soft/install/clion-2018.2.3/bin/cmake/linux/bin/cmake -E cmake_link_script CMakeFiles/cmTC_951d0.dir/link.txt --verbose=1
/home/mdl/hzj5142/soft/install4/gcc-7.0.1/bin/gcc      CMakeFiles/cmTC_951d0.dir/feature_tests.c.o  -o cmTC_951d0 
gmake[2]: Leaving directory `/home/mdl/hzj5142/compiler_project/cmake-build-debug/CMakeFiles/CMakeTmp'
gmake[1]: Leaving directory `/home/mdl/hzj5142/compiler_project/cmake-build-debug/CMakeFiles/CMakeTmp'


    Feature record: C_FEATURE:1c_function_prototypes
    Feature record: C_FEATURE:1c_restrict
    Feature record: C_FEATURE:1c_static_assert
    Feature record: C_FEATURE:1c_variadic_macros


Detecting C [-std=c99] compiler features compiled with the following output:
Change Dir: /home/mdl/hzj5142/compiler_project/cmake-build-debug/CMakeFiles/CMakeTmp

Run Build Command:"/usr/bin/gmake" "cmTC_c4cd7/fast"
gmake[1]: Entering directory `/home/mdl/hzj5142/compiler_project/cmake-build-debug/CMakeFiles/CMakeTmp'
/usr/bin/gmake -f CMakeFiles/cmTC_c4cd7.dir/build.make CMakeFiles/cmTC_c4cd7.dir/build
gmake[2]: Entering directory `/home/mdl/hzj5142/compiler_project/cmake-build-debug/CMakeFiles/CMakeTmp'
Building C object CMakeFiles/cmTC_c4cd7.dir/feature_tests.c.o
/home/mdl/hzj5142/soft/install4/gcc-7.0.1/bin/gcc   -std=c99 -o CMakeFiles/cmTC_c4cd7.dir/feature_tests.c.o   -c /home/mdl/hzj5142/compiler_project/cmake-build-debug/CMakeFiles/feature_tests.c
Linking C executable cmTC_c4cd7
/home/mdl/hzj5142/soft/install/clion-2018.2.3/bin/cmake/linux/bin/cmake -E cmake_link_script CMakeFiles/cmTC_c4cd7.dir/link.txt --verbose=1
/home/mdl/hzj5142/soft/install4/gcc-7.0.1/bin/gcc      CMakeFiles/cmTC_c4cd7.dir/feature_tests.c.o  -o cmTC_c4cd7 
gmake[2]: Leaving directory `/home/mdl/hzj5142/compiler_project/cmake-build-debug/CMakeFiles/CMakeTmp'
gmake[1]: Leaving directory `/home/mdl/hzj5142/compiler_project/cmake-build-debug/CMakeFiles/CMakeTmp'


    Feature record: C_FEATURE:1c_function_prototypes
    Feature record: C_FEATURE:1c_restrict
    Feature record: C_FEATURE:0c_static_assert
    Feature record: C_FEATURE:1c_variadic_macros


Detecting C [-std=c90] compiler features compiled with the following output:
Change Dir: /home/mdl/hzj5142/compiler_project/cmake-build-debug/CMakeFiles/CMakeTmp

Run Build Command:"/usr/bin/gmake" "cmTC_5a6f2/fast"
gmake[1]: Entering directory `/home/mdl/hzj5142/compiler_project/cmake-build-debug/CMakeFiles/CMakeTmp'
/usr/bin/gmake -f CMakeFiles/cmTC_5a6f2.dir/build.make CMakeFiles/cmTC_5a6f2.dir/build
gmake[2]: Entering directory `/home/mdl/hzj5142/compiler_project/cmake-build-debug/CMakeFiles/CMakeTmp'
Building C object CMakeFiles/cmTC_5a6f2.dir/feature_tests.c.o
/home/mdl/hzj5142/soft/install4/gcc-7.0.1/bin/gcc   -std=c90 -o CMakeFiles/cmTC_5a6f2.dir/feature_tests.c.o   -c /home/mdl/hzj5142/compiler_project/cmake-build-debug/CMakeFiles/feature_tests.c
Linking C executable cmTC_5a6f2
/home/mdl/hzj5142/soft/install/clion-2018.2.3/bin/cmake/linux/bin/cmake -E cmake_link_script CMakeFiles/cmTC_5a6f2.dir/link.txt --verbose=1
/home/mdl/hzj5142/soft/install4/gcc-7.0.1/bin/gcc      CMakeFiles/cmTC_5a6f2.dir/feature_tests.c.o  -o cmTC_5a6f2 
gmake[2]: Leaving directory `/home/mdl/hzj5142/compiler_project/cmake-build-debug/CMakeFiles/CMakeTmp'
gmake[1]: Leaving directory `/home/mdl/hzj5142/compiler_project/cmake-build-debug/CMakeFiles/CMakeTmp'


    Feature record: C_FEATURE:1c_function_prototypes
    Feature record: C_FEATURE:0c_restrict
    Feature record: C_FEATURE:0c_static_assert
    Feature record: C_FEATURE:0c_variadic_macros
Determining if the CXX compiler works passed with the following output:
Change Dir: /home/mdl/hzj5142/compiler_project/cmake-build-debug/CMakeFiles/CMakeTmp

Run Build Command:"/usr/bin/gmake" "cmTC_21823/fast"
gmake[1]: Entering directory `/home/mdl/hzj5142/compiler_project/cmake-build-debug/CMakeFiles/CMakeTmp'
/usr/bin/gmake -f CMakeFiles/cmTC_21823.dir/build.make CMakeFiles/cmTC_21823.dir/build
gmake[2]: Entering directory `/home/mdl/hzj5142/compiler_project/cmake-build-debug/CMakeFiles/CMakeTmp'
Building CXX object CMakeFiles/cmTC_21823.dir/testCXXCompiler.cxx.o
/home/mdl/hzj5142/soft/install4/gcc-7.0.1/bin/g++     -o CMakeFiles/cmTC_21823.dir/testCXXCompiler.cxx.o -c /home/mdl/hzj5142/compiler_project/cmake-build-debug/CMakeFiles/CMakeTmp/testCXXCompiler.cxx
Linking CXX executable cmTC_21823
/home/mdl/hzj5142/soft/install/clion-2018.2.3/bin/cmake/linux/bin/cmake -E cmake_link_script CMakeFiles/cmTC_21823.dir/link.txt --verbose=1
/home/mdl/hzj5142/soft/install4/gcc-7.0.1/bin/g++       CMakeFiles/cmTC_21823.dir/testCXXCompiler.cxx.o  -o cmTC_21823 
gmake[2]: Leaving directory `/home/mdl/hzj5142/compiler_project/cmake-build-debug/CMakeFiles/CMakeTmp'
gmake[1]: Leaving directory `/home/mdl/hzj5142/compiler_project/cmake-build-debug/CMakeFiles/CMakeTmp'


Detecting CXX compiler ABI info compiled with the following output:
Change Dir: /home/mdl/hzj5142/compiler_project/cmake-build-debug/CMakeFiles/CMakeTmp

Run Build Command:"/usr/bin/gmake" "cmTC_b259e/fast"
gmake[1]: Entering directory `/home/mdl/hzj5142/compiler_project/cmake-build-debug/CMakeFiles/CMakeTmp'
/usr/bin/gmake -f CMakeFiles/cmTC_b259e.dir/build.make CMakeFiles/cmTC_b259e.dir/build
gmake[2]: Entering directory `/home/mdl/hzj5142/compiler_project/cmake-build-debug/CMakeFiles/CMakeTmp'
Building CXX object CMakeFiles/cmTC_b259e.dir/CMakeCXXCompilerABI.cpp.o
/home/mdl/hzj5142/soft/install4/gcc-7.0.1/bin/g++     -o CMakeFiles/cmTC_b259e.dir/CMakeCXXCompilerABI.cpp.o -c /home/mdl/hzj5142/soft/install/clion-2018.2.3/bin/cmake/linux/share/cmake-3.12/Modules/CMakeCXXCompilerABI.cpp
Linking CXX executable cmTC_b259e
/home/mdl/hzj5142/soft/install/clion-2018.2.3/bin/cmake/linux/bin/cmake -E cmake_link_script CMakeFiles/cmTC_b259e.dir/link.txt --verbose=1
/home/mdl/hzj5142/soft/install4/gcc-7.0.1/bin/g++      -v CMakeFiles/cmTC_b259e.dir/CMakeCXXCompilerABI.cpp.o  -o cmTC_b259e 
Using built-in specs.
COLLECT_GCC=/home/mdl/hzj5142/soft/install4/gcc-7.0.1/bin/g++
COLLECT_LTO_WRAPPER=/home/mdl/hzj5142/soft/install4/gcc-7.0.1/libexec/gcc/x86_64-pc-linux-gnu/7.0.1/lto-wrapper
Target: x86_64-pc-linux-gnu
Configured with: ../configure --prefix=/home/mdl/hzj5142/soft/install4/gcc-7.0.1 --with-gmp=/home/mdl/hzj5142/soft/install4/gmp-4.3.2 --with-mpfr=/home/mdl/hzj5142/soft/install4/gmp-4.3.2 --with-mpc=/home/mdl/hzj5142/soft/install4/gmp-4.3.2 --with-libelf=/home/mdl/hzj5142/soft/install4/gmp-4.3.2 --enable-language=all
Thread model: posix
gcc version 7.0.1 20170327 (experimental) (GCC) 
COMPILER_PATH=/home/mdl/hzj5142/soft/install4/gcc-7.0.1/libexec/gcc/x86_64-pc-linux-gnu/7.0.1/:/home/mdl/hzj5142/soft/install4/gcc-7.0.1/libexec/gcc/x86_64-pc-linux-gnu/7.0.1/:/home/mdl/hzj5142/soft/install4/gcc-7.0.1/libexec/gcc/x86_64-pc-linux-gnu/:/home/mdl/hzj5142/soft/install4/gcc-7.0.1/lib/gcc/x86_64-pc-linux-gnu/7.0.1/:/home/mdl/hzj5142/soft/install4/gcc-7.0.1/lib/gcc/x86_64-pc-linux-gnu/
LIBRARY_PATH=/home/mdl/hzj5142/soft/install4/gcc-7.0.1/lib/gcc/x86_64-pc-linux-gnu/7.0.1/:/home/mdl/hzj5142/soft/install4/gcc-7.0.1/lib/gcc/x86_64-pc-linux-gnu/7.0.1/../../../../lib64/:/lib/../lib64/:/usr/lib/../lib64/:/home/mdl/hzj5142/soft/install4/gcc-7.0.1/lib/gcc/x86_64-pc-linux-gnu/7.0.1/../../../:/lib/:/usr/lib/
COLLECT_GCC_OPTIONS='-v' '-o' 'cmTC_b259e' '-shared-libgcc' '-mtune=generic' '-march=x86-64'
 /home/mdl/hzj5142/soft/install4/gcc-7.0.1/libexec/gcc/x86_64-pc-linux-gnu/7.0.1/collect2 --eh-frame-hdr -m elf_x86_64 -dynamic-linker /lib64/ld-linux-x86-64.so.2 -o cmTC_b259e /usr/lib/../lib64/crt1.o /usr/lib/../lib64/crti.o /home/mdl/hzj5142/soft/install4/gcc-7.0.1/lib/gcc/x86_64-pc-linux-gnu/7.0.1/crtbegin.o -L/home/mdl/hzj5142/soft/install4/gcc-7.0.1/lib/gcc/x86_64-pc-linux-gnu/7.0.1 -L/home/mdl/hzj5142/soft/install4/gcc-7.0.1/lib/gcc/x86_64-pc-linux-gnu/7.0.1/../../../../lib64 -L/lib/../lib64 -L/usr/lib/../lib64 -L/home/mdl/hzj5142/soft/install4/gcc-7.0.1/lib/gcc/x86_64-pc-linux-gnu/7.0.1/../../.. CMakeFiles/cmTC_b259e.dir/CMakeCXXCompilerABI.cpp.o -lstdc++ -lm -lgcc_s -lgcc -lc -lgcc_s -lgcc /home/mdl/hzj5142/soft/install4/gcc-7.0.1/lib/gcc/x86_64-pc-linux-gnu/7.0.1/crtend.o /usr/lib/../lib64/crtn.o
COLLECT_GCC_OPTIONS='-v' '-o' 'cmTC_b259e' '-shared-libgcc' '-mtune=generic' '-march=x86-64'
gmake[2]: Leaving directory `/home/mdl/hzj5142/compiler_project/cmake-build-debug/CMakeFiles/CMakeTmp'
gmake[1]: Leaving directory `/home/mdl/hzj5142/compiler_project/cmake-build-debug/CMakeFiles/CMakeTmp'


Parsed CXX implicit link information from above output:
  link line regex: [^( *|.*[/\])(ld|CMAKE_LINK_STARTFILE-NOTFOUND|([^/\]+-)?ld|collect2)[^/\]*( |$)]
  ignore line: [Change Dir: /home/mdl/hzj5142/compiler_project/cmake-build-debug/CMakeFiles/CMakeTmp]
  ignore line: []
  ignore line: [Run Build Command:"/usr/bin/gmake" "cmTC_b259e/fast"]
  ignore line: [gmake[1]: Entering directory `/home/mdl/hzj5142/compiler_project/cmake-build-debug/CMakeFiles/CMakeTmp']
  ignore line: [/usr/bin/gmake -f CMakeFiles/cmTC_b259e.dir/build.make CMakeFiles/cmTC_b259e.dir/build]
  ignore line: [gmake[2]: Entering directory `/home/mdl/hzj5142/compiler_project/cmake-build-debug/CMakeFiles/CMakeTmp']
  ignore line: [Building CXX object CMakeFiles/cmTC_b259e.dir/CMakeCXXCompilerABI.cpp.o]
  ignore line: [/home/mdl/hzj5142/soft/install4/gcc-7.0.1/bin/g++     -o CMakeFiles/cmTC_b259e.dir/CMakeCXXCompilerABI.cpp.o -c /home/mdl/hzj5142/soft/install/clion-2018.2.3/bin/cmake/linux/share/cmake-3.12/Modules/CMakeCXXCompilerABI.cpp]
  ignore line: [Linking CXX executable cmTC_b259e]
  ignore line: [/home/mdl/hzj5142/soft/install/clion-2018.2.3/bin/cmake/linux/bin/cmake -E cmake_link_script CMakeFiles/cmTC_b259e.dir/link.txt --verbose=1]
  ignore line: [/home/mdl/hzj5142/soft/install4/gcc-7.0.1/bin/g++      -v CMakeFiles/cmTC_b259e.dir/CMakeCXXCompilerABI.cpp.o  -o cmTC_b259e ]
  ignore line: [Using built-in specs.]
  ignore line: [COLLECT_GCC=/home/mdl/hzj5142/soft/install4/gcc-7.0.1/bin/g++]
  ignore line: [COLLECT_LTO_WRAPPER=/home/mdl/hzj5142/soft/install4/gcc-7.0.1/libexec/gcc/x86_64-pc-linux-gnu/7.0.1/lto-wrapper]
  ignore line: [Target: x86_64-pc-linux-gnu]
  ignore line: [Configured with: ../configure --prefix=/home/mdl/hzj5142/soft/install4/gcc-7.0.1 --with-gmp=/home/mdl/hzj5142/soft/install4/gmp-4.3.2 --with-mpfr=/home/mdl/hzj5142/soft/install4/gmp-4.3.2 --with-mpc=/home/mdl/hzj5142/soft/install4/gmp-4.3.2 --with-libelf=/home/mdl/hzj5142/soft/install4/gmp-4.3.2 --enable-language=all]
  ignore line: [Thread model: posix]
  ignore line: [gcc version 7.0.1 20170327 (experimental) (GCC) ]
  ignore line: [COMPILER_PATH=/home/mdl/hzj5142/soft/install4/gcc-7.0.1/libexec/gcc/x86_64-pc-linux-gnu/7.0.1/:/home/mdl/hzj5142/soft/install4/gcc-7.0.1/libexec/gcc/x86_64-pc-linux-gnu/7.0.1/:/home/mdl/hzj5142/soft/install4/gcc-7.0.1/libexec/gcc/x86_64-pc-linux-gnu/:/home/mdl/hzj5142/soft/install4/gcc-7.0.1/lib/gcc/x86_64-pc-linux-gnu/7.0.1/:/home/mdl/hzj5142/soft/install4/gcc-7.0.1/lib/gcc/x86_64-pc-linux-gnu/]
  ignore line: [LIBRARY_PATH=/home/mdl/hzj5142/soft/install4/gcc-7.0.1/lib/gcc/x86_64-pc-linux-gnu/7.0.1/:/home/mdl/hzj5142/soft/install4/gcc-7.0.1/lib/gcc/x86_64-pc-linux-gnu/7.0.1/../../../../lib64/:/lib/../lib64/:/usr/lib/../lib64/:/home/mdl/hzj5142/soft/install4/gcc-7.0.1/lib/gcc/x86_64-pc-linux-gnu/7.0.1/../../../:/lib/:/usr/lib/]
  ignore line: [COLLECT_GCC_OPTIONS='-v' '-o' 'cmTC_b259e' '-shared-libgcc' '-mtune=generic' '-march=x86-64']
  link line: [ /home/mdl/hzj5142/soft/install4/gcc-7.0.1/libexec/gcc/x86_64-pc-linux-gnu/7.0.1/collect2 --eh-frame-hdr -m elf_x86_64 -dynamic-linker /lib64/ld-linux-x86-64.so.2 -o cmTC_b259e /usr/lib/../lib64/crt1.o /usr/lib/../lib64/crti.o /home/mdl/hzj5142/soft/install4/gcc-7.0.1/lib/gcc/x86_64-pc-linux-gnu/7.0.1/crtbegin.o -L/home/mdl/hzj5142/soft/install4/gcc-7.0.1/lib/gcc/x86_64-pc-linux-gnu/7.0.1 -L/home/mdl/hzj5142/soft/install4/gcc-7.0.1/lib/gcc/x86_64-pc-linux-gnu/7.0.1/../../../../lib64 -L/lib/../lib64 -L/usr/lib/../lib64 -L/home/mdl/hzj5142/soft/install4/gcc-7.0.1/lib/gcc/x86_64-pc-linux-gnu/7.0.1/../../.. CMakeFiles/cmTC_b259e.dir/CMakeCXXCompilerABI.cpp.o -lstdc++ -lm -lgcc_s -lgcc -lc -lgcc_s -lgcc /home/mdl/hzj5142/soft/install4/gcc-7.0.1/lib/gcc/x86_64-pc-linux-gnu/7.0.1/crtend.o /usr/lib/../lib64/crtn.o]
    arg [/home/mdl/hzj5142/soft/install4/gcc-7.0.1/libexec/gcc/x86_64-pc-linux-gnu/7.0.1/collect2] ==> ignore
    arg [--eh-frame-hdr] ==> ignore
    arg [-m] ==> ignore
    arg [elf_x86_64] ==> ignore
    arg [-dynamic-linker] ==> ignore
    arg [/lib64/ld-linux-x86-64.so.2] ==> ignore
    arg [-o] ==> ignore
    arg [cmTC_b259e] ==> ignore
    arg [/usr/lib/../lib64/crt1.o] ==> ignore
    arg [/usr/lib/../lib64/crti.o] ==> ignore
    arg [/home/mdl/hzj5142/soft/install4/gcc-7.0.1/lib/gcc/x86_64-pc-linux-gnu/7.0.1/crtbegin.o] ==> ignore
    arg [-L/home/mdl/hzj5142/soft/install4/gcc-7.0.1/lib/gcc/x86_64-pc-linux-gnu/7.0.1] ==> dir [/home/mdl/hzj5142/soft/install4/gcc-7.0.1/lib/gcc/x86_64-pc-linux-gnu/7.0.1]
    arg [-L/home/mdl/hzj5142/soft/install4/gcc-7.0.1/lib/gcc/x86_64-pc-linux-gnu/7.0.1/../../../../lib64] ==> dir [/home/mdl/hzj5142/soft/install4/gcc-7.0.1/lib/gcc/x86_64-pc-linux-gnu/7.0.1/../../../../lib64]
    arg [-L/lib/../lib64] ==> dir [/lib/../lib64]
    arg [-L/usr/lib/../lib64] ==> dir [/usr/lib/../lib64]
    arg [-L/home/mdl/hzj5142/soft/install4/gcc-7.0.1/lib/gcc/x86_64-pc-linux-gnu/7.0.1/../../..] ==> dir [/home/mdl/hzj5142/soft/install4/gcc-7.0.1/lib/gcc/x86_64-pc-linux-gnu/7.0.1/../../..]
    arg [CMakeFiles/cmTC_b259e.dir/CMakeCXXCompilerABI.cpp.o] ==> ignore
    arg [-lstdc++] ==> lib [stdc++]
    arg [-lm] ==> lib [m]
    arg [-lgcc_s] ==> lib [gcc_s]
    arg [-lgcc] ==> lib [gcc]
    arg [-lc] ==> lib [c]
    arg [-lgcc_s] ==> lib [gcc_s]
    arg [-lgcc] ==> lib [gcc]
    arg [/home/mdl/hzj5142/soft/install4/gcc-7.0.1/lib/gcc/x86_64-pc-linux-gnu/7.0.1/crtend.o] ==> ignore
    arg [/usr/lib/../lib64/crtn.o] ==> ignore
  collapse library dir [/home/mdl/hzj5142/soft/install4/gcc-7.0.1/lib/gcc/x86_64-pc-linux-gnu/7.0.1] ==> [/home/mdl/hzj5142/soft/install4/gcc-7.0.1/lib/gcc/x86_64-pc-linux-gnu/7.0.1]
  collapse library dir [/home/mdl/hzj5142/soft/install4/gcc-7.0.1/lib/gcc/x86_64-pc-linux-gnu/7.0.1/../../../../lib64] ==> [/home/mdl/hzj5142/soft/install4/gcc-7.0.1/lib64]
  collapse library dir [/lib/../lib64] ==> [/lib64]
  collapse library dir [/usr/lib/../lib64] ==> [/usr/lib64]
  collapse library dir [/home/mdl/hzj5142/soft/install4/gcc-7.0.1/lib/gcc/x86_64-pc-linux-gnu/7.0.1/../../..] ==> [/home/mdl/hzj5142/soft/install4/gcc-7.0.1/lib]
  implicit libs: [stdc++;m;gcc_s;gcc;c;gcc_s;gcc]
  implicit dirs: [/home/mdl/hzj5142/soft/install4/gcc-7.0.1/lib/gcc/x86_64-pc-linux-gnu/7.0.1;/home/mdl/hzj5142/soft/install4/gcc-7.0.1/lib64;/lib64;/usr/lib64;/home/mdl/hzj5142/soft/install4/gcc-7.0.1/lib]
  implicit fwks: []




Detecting CXX [-std=c++1z] compiler features compiled with the following output:
Change Dir: /home/mdl/hzj5142/compiler_project/cmake-build-debug/CMakeFiles/CMakeTmp

Run Build Command:"/usr/bin/gmake" "cmTC_ba033/fast"
gmake[1]: Entering directory `/home/mdl/hzj5142/compiler_project/cmake-build-debug/CMakeFiles/CMakeTmp'
/usr/bin/gmake -f CMakeFiles/cmTC_ba033.dir/build.make CMakeFiles/cmTC_ba033.dir/build
gmake[2]: Entering directory `/home/mdl/hzj5142/compiler_project/cmake-build-debug/CMakeFiles/CMakeTmp'
Building CXX object CMakeFiles/cmTC_ba033.dir/feature_tests.cxx.o
/home/mdl/hzj5142/soft/install4/gcc-7.0.1/bin/g++    -std=c++1z -o CMakeFiles/cmTC_ba033.dir/feature_tests.cxx.o -c /home/mdl/hzj5142/compiler_project/cmake-build-debug/CMakeFiles/feature_tests.cxx
Linking CXX executable cmTC_ba033
/home/mdl/hzj5142/soft/install/clion-2018.2.3/bin/cmake/linux/bin/cmake -E cmake_link_script CMakeFiles/cmTC_ba033.dir/link.txt --verbose=1
/home/mdl/hzj5142/soft/install4/gcc-7.0.1/bin/g++       CMakeFiles/cmTC_ba033.dir/feature_tests.cxx.o  -o cmTC_ba033 
gmake[2]: Leaving directory `/home/mdl/hzj5142/compiler_project/cmake-build-debug/CMakeFiles/CMakeTmp'
gmake[1]: Leaving directory `/home/mdl/hzj5142/compiler_project/cmake-build-debug/CMakeFiles/CMakeTmp'


    Feature record: CXX_FEATURE:1cxx_aggregate_default_initializers
    Feature record: CXX_FEATURE:1cxx_alias_templates
    Feature record: CXX_FEATURE:1cxx_alignas
    Feature record: CXX_FEATURE:1cxx_alignof
    Feature record: CXX_FEATURE:1cxx_attributes
    Feature record: CXX_FEATURE:1cxx_attribute_deprecated
    Feature record: CXX_FEATURE:1cxx_auto_type
    Feature record: CXX_FEATURE:1cxx_binary_literals
    Feature record: CXX_FEATURE:1cxx_constexpr
    Feature record: CXX_FEATURE:1cxx_contextual_conversions
    Feature record: CXX_FEATURE:1cxx_decltype
    Feature record: CXX_FEATURE:1cxx_decltype_auto
    Feature record: CXX_FEATURE:1cxx_decltype_incomplete_return_types
    Feature record: CXX_FEATURE:1cxx_default_function_template_args
    Feature record: CXX_FEATURE:1cxx_defaulted_functions
    Feature record: CXX_FEATURE:1cxx_defaulted_move_initializers
    Feature record: CXX_FEATURE:1cxx_delegating_constructors
    Feature record: CXX_FEATURE:1cxx_deleted_functions
    Feature record: CXX_FEATURE:1cxx_digit_separators
    Feature record: CXX_FEATURE:1cxx_enum_forward_declarations
    Feature record: CXX_FEATURE:1cxx_explicit_conversions
    Feature record: CXX_FEATURE:1cxx_extended_friend_declarations
    Feature record: CXX_FEATURE:1cxx_extern_templates
    Feature record: CXX_FEATURE:1cxx_final
    Feature record: CXX_FEATURE:1cxx_func_identifier
    Feature record: CXX_FEATURE:1cxx_generalized_initializers
    Feature record: CXX_FEATURE:1cxx_generic_lambdas
    Feature record: CXX_FEATURE:1cxx_inheriting_constructors
    Feature record: CXX_FEATURE:1cxx_inline_namespaces
    Feature record: CXX_FEATURE:1cxx_lambdas
    Feature record: CXX_FEATURE:1cxx_lambda_init_captures
    Feature record: CXX_FEATURE:1cxx_local_type_template_args
    Feature record: CXX_FEATURE:1cxx_long_long_type
    Feature record: CXX_FEATURE:1cxx_noexcept
    Feature record: CXX_FEATURE:1cxx_nonstatic_member_init
    Feature record: CXX_FEATURE:1cxx_nullptr
    Feature record: CXX_FEATURE:1cxx_override
    Feature record: CXX_FEATURE:1cxx_range_for
    Feature record: CXX_FEATURE:1cxx_raw_string_literals
    Feature record: CXX_FEATURE:1cxx_reference_qualified_functions
    Feature record: CXX_FEATURE:1cxx_relaxed_constexpr
    Feature record: CXX_FEATURE:1cxx_return_type_deduction
    Feature record: CXX_FEATURE:1cxx_right_angle_brackets
    Feature record: CXX_FEATURE:1cxx_rvalue_references
    Feature record: CXX_FEATURE:1cxx_sizeof_member
    Feature record: CXX_FEATURE:1cxx_static_assert
    Feature record: CXX_FEATURE:1cxx_strong_enums
    Feature record: CXX_FEATURE:1cxx_template_template_parameters
    Feature record: CXX_FEATURE:1cxx_thread_local
    Feature record: CXX_FEATURE:1cxx_trailing_return_types
    Feature record: CXX_FEATURE:1cxx_unicode_literals
    Feature record: CXX_FEATURE:1cxx_uniform_initialization
    Feature record: CXX_FEATURE:1cxx_unrestricted_unions
    Feature record: CXX_FEATURE:1cxx_user_literals
    Feature record: CXX_FEATURE:1cxx_variable_templates
    Feature record: CXX_FEATURE:1cxx_variadic_macros
    Feature record: CXX_FEATURE:1cxx_variadic_templates


Detecting CXX [-std=c++14] compiler features compiled with the following output:
Change Dir: /home/mdl/hzj5142/compiler_project/cmake-build-debug/CMakeFiles/CMakeTmp

Run Build Command:"/usr/bin/gmake" "cmTC_7cd2d/fast"
gmake[1]: Entering directory `/home/mdl/hzj5142/compiler_project/cmake-build-debug/CMakeFiles/CMakeTmp'
/usr/bin/gmake -f CMakeFiles/cmTC_7cd2d.dir/build.make CMakeFiles/cmTC_7cd2d.dir/build
gmake[2]: Entering directory `/home/mdl/hzj5142/compiler_project/cmake-build-debug/CMakeFiles/CMakeTmp'
Building CXX object CMakeFiles/cmTC_7cd2d.dir/feature_tests.cxx.o
/home/mdl/hzj5142/soft/install4/gcc-7.0.1/bin/g++    -std=c++14 -o CMakeFiles/cmTC_7cd2d.dir/feature_tests.cxx.o -c /home/mdl/hzj5142/compiler_project/cmake-build-debug/CMakeFiles/feature_tests.cxx
Linking CXX executable cmTC_7cd2d
/home/mdl/hzj5142/soft/install/clion-2018.2.3/bin/cmake/linux/bin/cmake -E cmake_link_script CMakeFiles/cmTC_7cd2d.dir/link.txt --verbose=1
/home/mdl/hzj5142/soft/install4/gcc-7.0.1/bin/g++       CMakeFiles/cmTC_7cd2d.dir/feature_tests.cxx.o  -o cmTC_7cd2d 
gmake[2]: Leaving directory `/home/mdl/hzj5142/compiler_project/cmake-build-debug/CMakeFiles/CMakeTmp'
gmake[1]: Leaving directory `/home/mdl/hzj5142/compiler_project/cmake-build-debug/CMakeFiles/CMakeTmp'


    Feature record: CXX_FEATURE:1cxx_aggregate_default_initializers
    Feature record: CXX_FEATURE:1cxx_alias_templates
    Feature record: CXX_FEATURE:1cxx_alignas
    Feature record: CXX_FEATURE:1cxx_alignof
    Feature record: CXX_FEATURE:1cxx_attributes
    Feature record: CXX_FEATURE:1cxx_attribute_deprecated
    Feature record: CXX_FEATURE:1cxx_auto_type
    Feature record: CXX_FEATURE:1cxx_binary_literals
    Feature record: CXX_FEATURE:1cxx_constexpr
    Feature record: CXX_FEATURE:1cxx_contextual_conversions
    Feature record: CXX_FEATURE:1cxx_decltype
    Feature record: CXX_FEATURE:1cxx_decltype_auto
    Feature record: CXX_FEATURE:1cxx_decltype_incomplete_return_types
    Feature record: CXX_FEATURE:1cxx_default_function_template_args
    Feature record: CXX_FEATURE:1cxx_defaulted_functions
    Feature record: CXX_FEATURE:1cxx_defaulted_move_initializers
    Feature record: CXX_FEATURE:1cxx_delegating_constructors
    Feature record: CXX_FEATURE:1cxx_deleted_functions
    Feature record: CXX_FEATURE:1cxx_digit_separators
    Feature record: CXX_FEATURE:1cxx_enum_forward_declarations
    Feature record: CXX_FEATURE:1cxx_explicit_conversions
    Feature record: CXX_FEATURE:1cxx_extended_friend_declarations
    Feature record: CXX_FEATURE:1cxx_extern_templates
    Feature record: CXX_FEATURE:1cxx_final
    Feature record: CXX_FEATURE:1cxx_func_identifier
    Feature record: CXX_FEATURE:1cxx_generalized_initializers
    Feature record: CXX_FEATURE:1cxx_generic_lambdas
    Feature record: CXX_FEATURE:1cxx_inheriting_constructors
    Feature record: CXX_FEATURE:1cxx_inline_namespaces
    Feature record: CXX_FEATURE:1cxx_lambdas
    Feature record: CXX_FEATURE:1cxx_lambda_init_captures
    Feature record: CXX_FEATURE:1cxx_local_type_template_args
    Feature record: CXX_FEATURE:1cxx_long_long_type
    Feature record: CXX_FEATURE:1cxx_noexcept
    Feature record: CXX_FEATURE:1cxx_nonstatic_member_init
    Feature record: CXX_FEATURE:1cxx_nullptr
    Feature record: CXX_FEATURE:1cxx_override
    Feature record: CXX_FEATURE:1cxx_range_for
    Feature record: CXX_FEATURE:1cxx_raw_string_literals
    Feature record: CXX_FEATURE:1cxx_reference_qualified_functions
    Feature record: CXX_FEATURE:1cxx_relaxed_constexpr
    Feature record: CXX_FEATURE:1cxx_return_type_deduction
    Feature record: CXX_FEATURE:1cxx_right_angle_brackets
    Feature record: CXX_FEATURE:1cxx_rvalue_references
    Feature record: CXX_FEATURE:1cxx_sizeof_member
    Feature record: CXX_FEATURE:1cxx_static_assert
    Feature record: CXX_FEATURE:1cxx_strong_enums
    Feature record: CXX_FEATURE:1cxx_template_template_parameters
    Feature record: CXX_FEATURE:1cxx_thread_local
    Feature record: CXX_FEATURE:1cxx_trailing_return_types
    Feature record: CXX_FEATURE:1cxx_unicode_literals
    Feature record: CXX_FEATURE:1cxx_uniform_initialization
    Feature record: CXX_FEATURE:1cxx_unrestricted_unions
    Feature record: CXX_FEATURE:1cxx_user_literals
    Feature record: CXX_FEATURE:1cxx_variable_templates
    Feature record: CXX_FEATURE:1cxx_variadic_macros
    Feature record: CXX_FEATURE:1cxx_variadic_templates


Detecting CXX [-std=c++11] compiler features compiled with the following output:
Change Dir: /home/mdl/hzj5142/compiler_project/cmake-build-debug/CMakeFiles/CMakeTmp

Run Build Command:"/usr/bin/gmake" "cmTC_ef601/fast"
gmake[1]: Entering directory `/home/mdl/hzj5142/compiler_project/cmake-build-debug/CMakeFiles/CMakeTmp'
/usr/bin/gmake -f CMakeFiles/cmTC_ef601.dir/build.make CMakeFiles/cmTC_ef601.dir/build
gmake[2]: Entering directory `/home/mdl/hzj5142/compiler_project/cmake-build-debug/CMakeFiles/CMakeTmp'
Building CXX object CMakeFiles/cmTC_ef601.dir/feature_tests.cxx.o
/home/mdl/hzj5142/soft/install4/gcc-7.0.1/bin/g++    -std=c++11 -o CMakeFiles/cmTC_ef601.dir/feature_tests.cxx.o -c /home/mdl/hzj5142/compiler_project/cmake-build-debug/CMakeFiles/feature_tests.cxx
Linking CXX executable cmTC_ef601
/home/mdl/hzj5142/soft/install/clion-2018.2.3/bin/cmake/linux/bin/cmake -E cmake_link_script CMakeFiles/cmTC_ef601.dir/link.txt --verbose=1
/home/mdl/hzj5142/soft/install4/gcc-7.0.1/bin/g++       CMakeFiles/cmTC_ef601.dir/feature_tests.cxx.o  -o cmTC_ef601 
gmake[2]: Leaving directory `/home/mdl/hzj5142/compiler_project/cmake-build-debug/CMakeFiles/CMakeTmp'
gmake[1]: Leaving directory `/home/mdl/hzj5142/compiler_project/cmake-build-debug/CMakeFiles/CMakeTmp'


    Feature record: CXX_FEATURE:0cxx_aggregate_default_initializers
    Feature record: CXX_FEATURE:1cxx_alias_templates
    Feature record: CXX_FEATURE:1cxx_alignas
    Feature record: CXX_FEATURE:1cxx_alignof
    Feature record: CXX_FEATURE:1cxx_attributes
    Feature record: CXX_FEATURE:0cxx_attribute_deprecated
    Feature record: CXX_FEATURE:1cxx_auto_type
    Feature record: CXX_FEATURE:0cxx_binary_literals
    Feature record: CXX_FEATURE:1cxx_constexpr
    Feature record: CXX_FEATURE:0cxx_contextual_conversions
    Feature record: CXX_FEATURE:1cxx_decltype
    Feature record: CXX_FEATURE:0cxx_decltype_auto
    Feature record: CXX_FEATURE:1cxx_decltype_incomplete_return_types
    Feature record: CXX_FEATURE:1cxx_default_function_template_args
    Feature record: CXX_FEATURE:1cxx_defaulted_functions
    Feature record: CXX_FEATURE:1cxx_defaulted_move_initializers
    Feature record: CXX_FEATURE:1cxx_delegating_constructors
    Feature record: CXX_FEATURE:1cxx_deleted_functions
    Feature record: CXX_FEATURE:0cxx_digit_separators
    Feature record: CXX_FEATURE:1cxx_enum_forward_declarations
    Feature record: CXX_FEATURE:1cxx_explicit_conversions
    Feature record: CXX_FEATURE:1cxx_extended_friend_declarations
    Feature record: CXX_FEATURE:1cxx_extern_templates
    Feature record: CXX_FEATURE:1cxx_final
    Feature record: CXX_FEATURE:1cxx_func_identifier
    Feature record: CXX_FEATURE:1cxx_generalized_initializers
    Feature record: CXX_FEATURE:0cxx_generic_lambdas
    Feature record: CXX_FEATURE:1cxx_inheriting_constructors
    Feature record: CXX_FEATURE:1cxx_inline_namespaces
    Feature record: CXX_FEATURE:1cxx_lambdas
    Feature record: CXX_FEATURE:0cxx_lambda_init_captures
    Feature record: CXX_FEATURE:1cxx_local_type_template_args
    Feature record: CXX_FEATURE:1cxx_long_long_type
    Feature record: CXX_FEATURE:1cxx_noexcept
    Feature record: CXX_FEATURE:1cxx_nonstatic_member_init
    Feature record: CXX_FEATURE:1cxx_nullptr
    Feature record: CXX_FEATURE:1cxx_override
    Feature record: CXX_FEATURE:1cxx_range_for
    Feature record: CXX_FEATURE:1cxx_raw_string_literals
    Feature record: CXX_FEATURE:1cxx_reference_qualified_functions
    Feature record: CXX_FEATURE:0cxx_relaxed_constexpr
    Feature record: CXX_FEATURE:0cxx_return_type_deduction
    Feature record: CXX_FEATURE:1cxx_right_angle_brackets
    Feature record: CXX_FEATURE:1cxx_rvalue_references
    Feature record: CXX_FEATURE:1cxx_sizeof_member
    Feature record: CXX_FEATURE:1cxx_static_assert
    Feature record: CXX_FEATURE:1cxx_strong_enums
    Feature record: CXX_FEATURE:1cxx_template_template_parameters
    Feature record: CXX_FEATURE:1cxx_thread_local
    Feature record: CXX_FEATURE:1cxx_trailing_return_types
    Feature record: CXX_FEATURE:1cxx_unicode_literals
    Feature record: CXX_FEATURE:1cxx_uniform_initialization
    Feature record: CXX_FEATURE:1cxx_unrestricted_unions
    Feature record: CXX_FEATURE:1cxx_user_literals
    Feature record: CXX_FEATURE:0cxx_variable_templates
    Feature record: CXX_FEATURE:1cxx_variadic_macros
    Feature record: CXX_FEATURE:1cxx_variadic_templates


Detecting CXX [-std=c++98] compiler features compiled with the following output:
Change Dir: /home/mdl/hzj5142/compiler_project/cmake-build-debug/CMakeFiles/CMakeTmp

Run Build Command:"/usr/bin/gmake" "cmTC_381bc/fast"
gmake[1]: Entering directory `/home/mdl/hzj5142/compiler_project/cmake-build-debug/CMakeFiles/CMakeTmp'
/usr/bin/gmake -f CMakeFiles/cmTC_381bc.dir/build.make CMakeFiles/cmTC_381bc.dir/build
gmake[2]: Entering directory `/home/mdl/hzj5142/compiler_project/cmake-build-debug/CMakeFiles/CMakeTmp'
Building CXX object CMakeFiles/cmTC_381bc.dir/feature_tests.cxx.o
/home/mdl/hzj5142/soft/install4/gcc-7.0.1/bin/g++    -std=c++98 -o CMakeFiles/cmTC_381bc.dir/feature_tests.cxx.o -c /home/mdl/hzj5142/compiler_project/cmake-build-debug/CMakeFiles/feature_tests.cxx
Linking CXX executable cmTC_381bc
/home/mdl/hzj5142/soft/install/clion-2018.2.3/bin/cmake/linux/bin/cmake -E cmake_link_script CMakeFiles/cmTC_381bc.dir/link.txt --verbose=1
/home/mdl/hzj5142/soft/install4/gcc-7.0.1/bin/g++       CMakeFiles/cmTC_381bc.dir/feature_tests.cxx.o  -o cmTC_381bc 
gmake[2]: Leaving directory `/home/mdl/hzj5142/compiler_project/cmake-build-debug/CMakeFiles/CMakeTmp'
gmake[1]: Leaving directory `/home/mdl/hzj5142/compiler_project/cmake-build-debug/CMakeFiles/CMakeTmp'


    Feature record: CXX_FEATURE:0cxx_aggregate_default_initializers
    Feature record: CXX_FEATURE:0cxx_alias_templates
    Feature record: CXX_FEATURE:0cxx_alignas
    Feature record: CXX_FEATURE:0cxx_alignof
    Feature record: CXX_FEATURE:0cxx_attributes
    Feature record: CXX_FEATURE:0cxx_attribute_deprecated
    Feature record: CXX_FEATURE:0cxx_auto_type
    Feature record: CXX_FEATURE:0cxx_binary_literals
    Feature record: CXX_FEATURE:0cxx_constexpr
    Feature record: CXX_FEATURE:0cxx_contextual_conversions
    Feature record: CXX_FEATURE:0cxx_decltype
    Feature record: CXX_FEATURE:0cxx_decltype_auto
    Feature record: CXX_FEATURE:0cxx_decltype_incomplete_return_types
    Feature record: CXX_FEATURE:0cxx_default_function_template_args
    Feature record: CXX_FEATURE:0cxx_defaulted_functions
    Feature record: CXX_FEATURE:0cxx_defaulted_move_initializers
    Feature record: CXX_FEATURE:0cxx_delegating_constructors
    Feature record: CXX_FEATURE:0cxx_deleted_functions
    Feature record: CXX_FEATURE:0cxx_digit_separators
    Feature record: CXX_FEATURE:0cxx_enum_forward_declarations
    Feature record: CXX_FEATURE:0cxx_explicit_conversions
    Feature record: CXX_FEATURE:0cxx_extended_friend_declarations
    Feature record: CXX_FEATURE:0cxx_extern_templates
    Feature record: CXX_FEATURE:0cxx_final
    Feature record: CXX_FEATURE:0cxx_func_identifier
    Feature record: CXX_FEATURE:0cxx_generalized_initializers
    Feature record: CXX_FEATURE:0cxx_generic_lambdas
    Feature record: CXX_FEATURE:0cxx_inheriting_constructors
    Feature record: CXX_FEATURE:0cxx_inline_namespaces
    Feature record: CXX_FEATURE:0cxx_lambdas
    Feature record: CXX_FEATURE:0cxx_lambda_init_captures
    Feature record: CXX_FEATURE:0cxx_local_type_template_args
    Feature record: CXX_FEATURE:0cxx_long_long_type
    Feature record: CXX_FEATURE:0cxx_noexcept
    Feature record: CXX_FEATURE:0cxx_nonstatic_member_init
    Feature record: CXX_FEATURE:0cxx_nullptr
    Feature record: CXX_FEATURE:0cxx_override
    Feature record: CXX_FEATURE:0cxx_range_for
    Feature record: CXX_FEATURE:0cxx_raw_string_literals
    Feature record: CXX_FEATURE:0cxx_reference_qualified_functions
    Feature record: CXX_FEATURE:0cxx_relaxed_constexpr
    Feature record: CXX_FEATURE:0cxx_return_type_deduction
    Feature record: CXX_FEATURE:0cxx_right_angle_brackets
    Feature record: CXX_FEATURE:0cxx_rvalue_references
    Feature record: CXX_FEATURE:0cxx_sizeof_member
    Feature record: CXX_FEATURE:0cxx_static_assert
    Feature record: CXX_FEATURE:0cxx_strong_enums
    Feature record: CXX_FEATURE:1cxx_template_template_parameters
    Feature record: CXX_FEATURE:0cxx_thread_local
    Feature record: CXX_FEATURE:0cxx_trailing_return_types
    Feature record: CXX_FEATURE:0cxx_unicode_literals
    Feature record: CXX_FEATURE:0cxx_uniform_initialization
    Feature record: CXX_FEATURE:0cxx_unrestricted_unions
    Feature record: CXX_FEATURE:0cxx_user_literals
    Feature record: CXX_FEATURE:0cxx_variable_templates
    Feature record: CXX_FEATURE:0cxx_variadic_macros
    Feature record: CXX_FEATURE:0cxx_variadic_templates
